四月 13, 2017 5:31:17 下午 org.apache.catalina.core.ApplicationContext log
信息: ContextListener: contextInitialized()
四月 13, 2017 5:31:17 下午 org.apache.catalina.core.ApplicationContext log
信息: SessionListener: contextInitialized()
四月 13, 2017 5:31:17 下午 org.apache.catalina.core.ApplicationContext log
信息: ContextListener: attributeAdded('org.apache.jasper.compiler.TldLocationsCache', 'org.apache.jasper.compiler.TldLocationsCache@7beb0d0c')
四月 13, 2017 5:42:16 下午 org.apache.catalina.core.ApplicationContext log
信息: SessionListener: contextDestroyed()
四月 13, 2017 5:42:16 下午 org.apache.catalina.core.ApplicationContext log
信息: ContextListener: contextDestroyed()
四月 13, 2017 5:54:57 下午 org.apache.catalina.core.ApplicationContext log
信息: ContextListener: contextInitialized()
四月 13, 2017 5:54:57 下午 org.apache.catalina.core.ApplicationContext log
信息: SessionListener: contextInitialized()
四月 13, 2017 5:54:57 下午 org.apache.catalina.core.ApplicationContext log
信息: ContextListener: attributeAdded('org.apache.jasper.compiler.TldLocationsCache', 'org.apache.jasper.compiler.TldLocationsCache@232c0051')
四月 13, 2017 6:04:54 下午 org.apache.catalina.core.ApplicationContext log
信息: SessionListener: contextDestroyed()
四月 13, 2017 6:04:54 下午 org.apache.catalina.core.ApplicationContext log
信息: ContextListener: contextDestroyed()
四月 13, 2017 6:05:02 下午 org.apache.catalina.core.ApplicationContext log
信息: ContextListener: contextInitialized()
四月 13, 2017 6:05:02 下午 org.apache.catalina.core.ApplicationContext log
信息: SessionListener: contextInitialized()
四月 13, 2017 6:05:02 下午 org.apache.catalina.core.ApplicationContext log
信息: ContextListener: attributeAdded('org.apache.jasper.compiler.TldLocationsCache', 'org.apache.jasper.compiler.TldLocationsCache@470e965')
四月 13, 2017 6:10:24 下午 org.apache.catalina.core.ApplicationContext log
信息: ContextListener: contextInitialized()
四月 13, 2017 6:10:24 下午 org.apache.catalina.core.ApplicationContext log
信息: SessionListener: contextInitialized()
四月 13, 2017 6:10:24 下午 org.apache.catalina.core.ApplicationContext log
信息: ContextListener: attributeAdded('org.apache.jasper.compiler.TldLocationsCache', 'org.apache.jasper.compiler.TldLocationsCache@12efef7c')
四月 13, 2017 6:10:24 下午 org.apache.catalina.core.ApplicationContext log
信息: SessionListener: contextDestroyed()
四月 13, 2017 6:10:24 下午 org.apache.catalina.core.ApplicationContext log
信息: ContextListener: contextDestroyed()
四月 13, 2017 6:10:50 下午 org.apache.catalina.core.ApplicationContext log
信息: ContextListener: contextInitialized()
四月 13, 2017 6:10:50 下午 org.apache.catalina.core.ApplicationContext log
信息: SessionListener: contextInitialized()
四月 13, 2017 6:10:50 下午 org.apache.catalina.core.ApplicationContext log
信息: ContextListener: attributeAdded('org.apache.jasper.compiler.TldLocationsCache', 'org.apache.jasper.compiler.TldLocationsCache@237d999f')
四月 13, 2017 6:10:50 下午 org.apache.catalina.core.ApplicationContext log
信息: SessionListener: contextDestroyed()
四月 13, 2017 6:10:50 下午 org.apache.catalina.core.ApplicationContext log
信息: ContextListener: contextDestroyed()
四月 13, 2017 6:11:14 下午 org.apache.catalina.core.ApplicationContext log
信息: ContextListener: contextInitialized()
四月 13, 2017 6:11:14 下午 org.apache.catalina.core.ApplicationContext log
信息: SessionListener: contextInitialized()
四月 13, 2017 6:11:14 下午 org.apache.catalina.core.ApplicationContext log
信息: ContextListener: attributeAdded('org.apache.jasper.compiler.TldLocationsCache', 'org.apache.jasper.compiler.TldLocationsCache@470e965')
四月 13, 2017 6:11:15 下午 org.apache.catalina.core.ApplicationContext log
信息: SessionListener: contextDestroyed()
四月 13, 2017 6:11:15 下午 org.apache.catalina.core.ApplicationContext log
信息: ContextListener: contextDestroyed()
四月 13, 2017 6:24:10 下午 org.apache.catalina.core.ApplicationContext log
信息: ContextListener: contextInitialized()
四月 13, 2017 6:24:10 下午 org.apache.catalina.core.ApplicationContext log
信息: SessionListener: contextInitialized()
四月 13, 2017 6:24:10 下午 org.apache.catalina.core.ApplicationContext log
信息: ContextListener: attributeAdded('org.apache.jasper.compiler.TldLocationsCache', 'org.apache.jasper.compiler.TldLocationsCache@470e965')
四月 13, 2017 6:24:11 下午 org.apache.catalina.core.ApplicationContext log
信息: SessionListener: contextDestroyed()
四月 13, 2017 6:24:11 下午 org.apache.catalina.core.ApplicationContext log
信息: ContextListener: contextDestroyed()
四月 13, 2017 6:24:53 下午 org.apache.catalina.core.ApplicationContext log
信息: SessionListener: contextDestroyed()
四月 13, 2017 6:24:53 下午 org.apache.catalina.core.ApplicationContext log
信息: ContextListener: contextDestroyed()
四月 13, 2017 6:24:57 下午 org.apache.catalina.core.ApplicationContext log
信息: ContextListener: contextInitialized()
四月 13, 2017 6:24:57 下午 org.apache.catalina.core.ApplicationContext log
信息: SessionListener: contextInitialized()
四月 13, 2017 6:24:57 下午 org.apache.catalina.core.ApplicationContext log
信息: ContextListener: attributeAdded('org.apache.jasper.compiler.TldLocationsCache', 'org.apache.jasper.compiler.TldLocationsCache@5db8d354')
