四月 14, 2017 10:27:53 上午 org.apache.catalina.core.ApplicationContext log
信息: SessionListener: contextDestroyed()
四月 14, 2017 10:27:53 上午 org.apache.catalina.core.ApplicationContext log
信息: ContextListener: contextDestroyed()
四月 14, 2017 10:28:16 上午 org.apache.catalina.core.ApplicationContext log
信息: ContextListener: contextInitialized()
四月 14, 2017 10:28:16 上午 org.apache.catalina.core.ApplicationContext log
信息: SessionListener: contextInitialized()
四月 14, 2017 10:28:16 上午 org.apache.catalina.core.ApplicationContext log
信息: ContextListener: attributeAdded('org.apache.jasper.compiler.TldLocationsCache', 'org.apache.jasper.compiler.TldLocationsCache@30935530')
四月 14, 2017 10:28:40 上午 org.apache.catalina.core.ApplicationContext log
信息: SessionListener: contextDestroyed()
四月 14, 2017 10:28:40 上午 org.apache.catalina.core.ApplicationContext log
信息: ContextListener: contextDestroyed()
四月 14, 2017 12:04:09 下午 org.apache.catalina.core.ApplicationContext log
信息: ContextListener: contextInitialized()
四月 14, 2017 12:04:09 下午 org.apache.catalina.core.ApplicationContext log
信息: SessionListener: contextInitialized()
四月 14, 2017 12:04:09 下午 org.apache.catalina.core.ApplicationContext log
信息: ContextListener: attributeAdded('org.apache.jasper.compiler.TldLocationsCache', 'org.apache.jasper.compiler.TldLocationsCache@6572fbfd')
四月 14, 2017 5:11:11 下午 org.apache.catalina.core.ApplicationContext log
信息: ContextListener: contextInitialized()
四月 14, 2017 5:11:11 下午 org.apache.catalina.core.ApplicationContext log
信息: SessionListener: contextInitialized()
四月 14, 2017 5:11:11 下午 org.apache.catalina.core.ApplicationContext log
信息: ContextListener: attributeAdded('org.apache.jasper.compiler.TldLocationsCache', 'org.apache.jasper.compiler.TldLocationsCache@470e965')
四月 14, 2017 5:11:11 下午 org.apache.catalina.core.ApplicationContext log
信息: SessionListener: contextDestroyed()
四月 14, 2017 5:11:11 下午 org.apache.catalina.core.ApplicationContext log
信息: ContextListener: contextDestroyed()
